<?xml version="1.0" encoding="UTF-8"?>
<testng-results ignored="0" total="1" passed="1" failed="0" skipped="0">
  <reporter-output>
  </reporter-output>
  <suite started-at="2025-09-09T07:59:22 IST" name="Default suite" finished-at="2025-09-09T07:59:29 IST" duration-ms="6428">
    <groups>
    </groups>
    <test started-at="2025-09-09T07:59:22 IST" name="Default test" finished-at="2025-09-09T07:59:29 IST" duration-ms="6428">
      <class name="com.automation.tests.GoogleTest">
        <test-method is-config="true" signature="setup()[pri:0, instance:com.automation.tests.GoogleTest@712625fd]" started-at="2025-09-09T07:59:22 IST" name="setup" finished-at="2025-09-09T07:59:25 IST" duration-ms="3214" status="PASS">
          <reporter-output>
          </reporter-output>
        </test-method> <!-- setup -->
        <test-method signature="testGoogleSearch()[pri:0, instance:com.automation.tests.GoogleTest@712625fd]" started-at="2025-09-09T07:59:25 IST" name="testGoogleSearch" finished-at="2025-09-09T07:59:28 IST" duration-ms="2770" status="PASS">
          <reporter-output>
          </reporter-output>
        </test-method> <!-- testGoogleSearch -->
        <test-method is-config="true" signature="tearDown()[pri:0, instance:com.automation.tests.GoogleTest@712625fd]" started-at="2025-09-09T07:59:28 IST" name="tearDown" finished-at="2025-09-09T07:59:29 IST" duration-ms="398" status="PASS">
          <reporter-output>
          </reporter-output>
        </test-method> <!-- tearDown -->
      </class> <!-- com.automation.tests.GoogleTest -->
    </test> <!-- Default test -->
  </suite> <!-- Default suite -->
</testng-results>
