<?xml version="1.0" encoding="UTF-8"?>
<testng-results ignored="0" total="1" passed="1" failed="0" skipped="0">
  <reporter-output>
  </reporter-output>
  <suite started-at="2025-09-08T11:35:43 IST" name="Default suite" finished-at="2025-09-08T11:35:52 IST" duration-ms="8764">
    <groups>
    </groups>
    <test started-at="2025-09-08T11:35:43 IST" name="Default test" finished-at="2025-09-08T11:35:52 IST" duration-ms="8764">
      <class name="com.automation.tests.GoogleTest">
        <test-method is-config="true" signature="setup()[pri:0, instance:com.automation.tests.GoogleTest@712625fd]" started-at="2025-09-08T11:35:43 IST" name="setup" finished-at="2025-09-08T11:35:49 IST" duration-ms="5840" status="PASS">
          <reporter-output>
          </reporter-output>
        </test-method> <!-- setup -->
        <test-method signature="testGoogleSearch()[pri:0, instance:com.automation.tests.GoogleTest@712625fd]" started-at="2025-09-08T11:35:49 IST" name="testGoogleSearch" finished-at="2025-09-08T11:35:51 IST" duration-ms="2352" status="PASS">
          <reporter-output>
          </reporter-output>
        </test-method> <!-- testGoogleSearch -->
        <test-method is-config="true" signature="tearDown()[pri:0, instance:com.automation.tests.GoogleTest@712625fd]" started-at="2025-09-08T11:35:51 IST" name="tearDown" finished-at="2025-09-08T11:35:52 IST" duration-ms="523" status="PASS">
          <reporter-output>
          </reporter-output>
        </test-method> <!-- tearDown -->
      </class> <!-- com.automation.tests.GoogleTest -->
    </test> <!-- Default test -->
  </suite> <!-- Default suite -->
</testng-results>
